[debug] [2022-11-30T20:49:50.237Z] ----------------------------------------------------------------------
[debug] [2022-11-30T20:49:50.244Z] Command:       C:\Program Files\nodejs\node.exe C:\Users\tanbi\AppData\Roaming\npm\node_modules\firebase-tools\lib\bin\firebase.js init
[debug] [2022-11-30T20:49:50.246Z] CLI Version:   11.16.1
[debug] [2022-11-30T20:49:50.247Z] Platform:      win32
[debug] [2022-11-30T20:49:50.247Z] Node Version:  v18.1.0
[debug] [2022-11-30T20:49:50.250Z] Time:          Wed Nov 30 2022 20:49:50 GMT+0000 (Greenwich Mean Time)
[debug] [2022-11-30T20:49:50.250Z] ----------------------------------------------------------------------
[debug] 
[debug] [2022-11-30T20:49:50.455Z] > command requires scopes: ["email","openid","https://www.googleapis.com/auth/cloudplatformprojects.readonly","https://www.googleapis.com/auth/firebase","https://www.googleapis.com/auth/cloud-platform"]
[debug] [2022-11-30T20:49:50.456Z] > authorizing via signed-in user (tanbirimran@gmail.com)
[info] 
     ######## #### ########  ######## ########     ###     ######  ########
     ##        ##  ##     ## ##       ##     ##  ##   ##  ##       ##
     ######    ##  ########  ######   ########  #########  ######  ######
     ##        ##  ##    ##  ##       ##     ## ##     ##       ## ##
     ##       #### ##     ## ######## ########  ##     ##  ######  ########

You're about to initialize a Firebase project in this directory:

  C:\Users\tanbi\VSC\Projects\netflix-clone-react

Before we get started, keep in mind:

  * You are initializing within an existing Firebase project directory

[info] 
=== Project Setup
[info] 
[info] First, let's associate this project directory with a Firebase project.
[info] You can create multiple project aliases by running firebase use --add, 
[info] but for now we'll just set up a default project.
[info] 
[debug] [2022-11-30T20:50:55.110Z] Using project from CLI flag: react-netflix-588f7
[debug] [2022-11-30T20:50:55.115Z] > refreshing access token with scopes: []
[debug] [2022-11-30T20:50:55.120Z] >>> [apiv2][query] POST https://www.googleapis.com/oauth2/v3/token [none]
[debug] [2022-11-30T20:50:55.120Z] >>> [apiv2][body] POST https://www.googleapis.com/oauth2/v3/token [omitted]
[debug] [2022-11-30T20:50:55.703Z] <<< [apiv2][status] POST https://www.googleapis.com/oauth2/v3/token 200
[debug] [2022-11-30T20:50:55.704Z] <<< [apiv2][body] POST https://www.googleapis.com/oauth2/v3/token [omitted]
[debug] [2022-11-30T20:50:55.741Z] >>> [apiv2][query] GET https://firebase.googleapis.com/v1beta1/projects/react-netflix-588f7 [none]
[debug] [2022-11-30T20:50:56.141Z] <<< [apiv2][status] GET https://firebase.googleapis.com/v1beta1/projects/react-netflix-588f7 403
[debug] [2022-11-30T20:50:56.142Z] <<< [apiv2][body] GET https://firebase.googleapis.com/v1beta1/projects/react-netflix-588f7 {"error":{"code":403,"message":"The caller does not have permission","status":"PERMISSION_DENIED"}}
[debug] [2022-11-30T20:50:56.145Z] HTTP Error: 403, The caller does not have permission
[debug] [2022-11-30T20:50:56.455Z] FirebaseError: HTTP Error: 403, The caller does not have permission
    at responseToError (C:\Users\tanbi\AppData\Roaming\npm\node_modules\firebase-tools\lib\responseToError.js:49:12)
    at RetryOperation._fn (C:\Users\tanbi\AppData\Roaming\npm\node_modules\firebase-tools\lib\apiv2.js:288:77)
    at process.processTicksAndRejections (node:internal/process/task_queues:95:5)
[error] 
[error] Error: Failed to get Firebase project react-netflix-588f7. Please make sure the project exists and your account has permission to access it.
